<?xml version="1.0" encoding="UTF-8"?>
<!-- Generated by org.testng.reporters.JUnitXMLReporter -->
<testsuite hostname="EQ-EQ6282248" ignored="2" name="Udemy test on chrome" tests="1" failures="1" timestamp="02 Apr 2021 04:37:52 GMT" time="25.799" errors="0">
  <testcase name="doLoginTest" time="0.071" classname="com.MyTests.LoginTest">
    <failure type="java.lang.NullPointerException">
      <![CDATA[java.lang.NullPointerException
	at com.mypages.LoginPage.doLogin(LoginPage.java:53)
	at com.MyTests.LoginTest.doLoginTest(LoginTest.java:35)
	at java.util.concurrent.ThreadPoolExecutor.runWorker(ThreadPoolExecutor.java:1142)
	at java.util.concurrent.ThreadPoolExecutor$Worker.run(ThreadPoolExecutor.java:617)
	at java.lang.Thread.run(Thread.java:745)
... Removed 10 stack frames]]>
    </failure>
  </testcase> <!-- doLoginTest -->
  <testcase name="verifyLoginPageHeaderTest" time="0.0" classname="com.MyTests.LoginTest">
    <ignored/>
  </testcase> <!-- verifyLoginPageHeaderTest -->
  <testcase name="verifyLoginPageTitleTest" time="0.0" classname="com.MyTests.LoginTest">
    <ignored/>
  </testcase> <!-- verifyLoginPageTitleTest -->
</testsuite> <!-- Udemy test on chrome -->
