-------------------------------------------------------------------------------
Test set: TestSuite
-------------------------------------------------------------------------------
Tests run: 1, Failures: 1, Errors: 0, Skipped: 0, Time elapsed: 31.403 sec <<< FAILURE! - in TestSuite
doLoginTest(com.MyTests.LoginTest)  Time elapsed: 0.566 sec  <<< FAILURE!
java.lang.NullPointerException
	at com.MyTests.LoginTest.doLoginTest(LoginTest.java:35)

