<?xml version="1.0" encoding="UTF-8"?>
<testng-results skipped="0" failed="1" ignored="2" total="3" passed="0">
  <reporter-output>
  </reporter-output>
  <suite name="OOPs concept In POM" duration-ms="25799" started-at="2021-04-02T04:37:26Z" finished-at="2021-04-02T04:37:52Z">
    <groups>
    </groups>
    <test name="Udemy test on chrome" duration-ms="25799" started-at="2021-04-02T04:37:26Z" finished-at="2021-04-02T04:37:52Z">
      <class name="com.MyTests.LoginTest">
        <test-method status="PASS" signature="setUpTest(java.lang.String)[pri:0, instance:com.MyTests.LoginTest@3e77a1ed]" name="setUpTest" is-config="true" duration-ms="24312" started-at="2021-04-02T10:07:26Z" finished-at="2021-04-02T10:07:50Z">
          <params>
            <param index="0">
              <value>
                <![CDATA[chrome]]>
              </value>
            </param>
          </params>
          <reporter-output>
          </reporter-output>
        </test-method> <!-- setUpTest -->
        <test-method status="FAIL" signature="doLoginTest()[pri:3, instance:com.MyTests.LoginTest@3e77a1ed]" name="doLoginTest" duration-ms="71" started-at="2021-04-02T10:07:50Z" finished-at="2021-04-02T10:07:50Z">
          <exception class="java.lang.NullPointerException">
            <full-stacktrace>
              <![CDATA[java.lang.NullPointerException
	at com.mypages.LoginPage.doLogin(LoginPage.java:53)
	at com.MyTests.LoginTest.doLoginTest(LoginTest.java:35)
	at sun.reflect.NativeMethodAccessorImpl.invoke0(Native Method)
	at sun.reflect.NativeMethodAccessorImpl.invoke(NativeMethodAccessorImpl.java:62)
	at sun.reflect.DelegatingMethodAccessorImpl.invoke(DelegatingMethodAccessorImpl.java:43)
	at java.lang.reflect.Method.invoke(Method.java:498)
	at org.testng.internal.MethodInvocationHelper.invokeMethod(MethodInvocationHelper.java:104)
	at org.testng.internal.Invoker.invokeMethod(Invoker.java:645)
	at org.testng.internal.Invoker.invokeTestMethod(Invoker.java:851)
	at org.testng.internal.Invoker.invokeTestMethods(Invoker.java:1177)
	at org.testng.internal.TestMethodWorker.invokeTestMethods(TestMethodWorker.java:129)
	at org.testng.internal.TestMethodWorker.run(TestMethodWorker.java:112)
	at java.util.concurrent.ThreadPoolExecutor.runWorker(ThreadPoolExecutor.java:1142)
	at java.util.concurrent.ThreadPoolExecutor$Worker.run(ThreadPoolExecutor.java:617)
	at java.lang.Thread.run(Thread.java:745)
]]>
            </full-stacktrace>
          </exception> <!-- java.lang.NullPointerException -->
          <reporter-output>
          </reporter-output>
        </test-method> <!-- doLoginTest -->
        <test-method status="PASS" signature="tearDownTest()[pri:0, instance:com.MyTests.LoginTest@3e77a1ed]" name="tearDownTest" is-config="true" duration-ms="1377" started-at="2021-04-02T10:07:50Z" finished-at="2021-04-02T10:07:52Z">
          <reporter-output>
          </reporter-output>
        </test-method> <!-- tearDownTest -->
      </class> <!-- com.MyTests.LoginTest -->
    </test> <!-- Udemy test on chrome -->
  </suite> <!-- OOPs concept In POM -->
</testng-results>
